[2026-04-06T04:02:42.992Z] [API] {
  "method": "SYSTEM",
  "path": "/startup",
  "statusCode": 200,
  "timestamp": "2026-04-06T04:02:42.992Z"
}
[2026-04-06T04:04:04.806Z] [API] {
  "method": "SYSTEM",
  "path": "/startup",
  "statusCode": 200,
  "timestamp": "2026-04-06T04:04:04.806Z"
}
[2026-04-06T04:04:46.440Z] [API] {
  "method": "SYSTEM",
  "path": "/startup",
  "statusCode": 200,
  "timestamp": "2026-04-06T04:04:46.440Z"
}
[2026-04-06T04:22:00.069Z] [API] {
  "method": "SYSTEM",
  "path": "/startup",
  "statusCode": 200,
  "timestamp": "2026-04-06T04:22:00.069Z"
}
[2026-04-06T04:28:24.960Z] [API] {
  "method": "SYSTEM",
  "path": "/startup",
  "statusCode": 200,
  "timestamp": "2026-04-06T04:28:24.960Z"
}
