[2026-04-05T05:32:04.483Z] [API] {
  "method": "SYSTEM",
  "path": "/startup",
  "statusCode": 200,
  "timestamp": "2026-04-05T05:32:04.483Z"
}
[2026-04-05T05:34:42.430Z] [API] {
  "method": "SYSTEM",
  "path": "/startup",
  "statusCode": 200,
  "timestamp": "2026-04-05T05:34:42.430Z"
}
[2026-04-05T05:36:23.489Z] [API] {
  "method": "SYSTEM",
  "path": "/startup",
  "statusCode": 200,
  "timestamp": "2026-04-05T05:36:23.489Z"
}
[2026-04-05T05:37:38.001Z] [API] {
  "method": "SYSTEM",
  "path": "/startup",
  "statusCode": 200,
  "timestamp": "2026-04-05T05:37:38.001Z"
}
[2026-04-05T05:56:16.878Z] [API] {
  "method": "SYSTEM",
  "path": "/startup",
  "statusCode": 200,
  "timestamp": "2026-04-05T05:56:16.878Z"
}
[2026-04-05T06:27:51.793Z] [API] {
  "method": "SYSTEM",
  "path": "/startup",
  "statusCode": 200,
  "timestamp": "2026-04-05T06:27:51.793Z"
}
[2026-04-05T06:33:29.060Z] [API] {
  "method": "SYSTEM",
  "path": "/startup",
  "statusCode": 200,
  "timestamp": "2026-04-05T06:33:29.060Z"
}
[2026-04-05T06:57:30.549Z] [API] {
  "method": "SYSTEM",
  "path": "/startup",
  "statusCode": 200,
  "timestamp": "2026-04-05T06:57:30.549Z"
}
[2026-04-05T07:13:33.530Z] [API] {
  "method": "SYSTEM",
  "path": "/startup",
  "statusCode": 200,
  "timestamp": "2026-04-05T07:13:33.530Z"
}
[2026-04-05T07:15:00.359Z] [API] {
  "method": "SYSTEM",
  "path": "/startup",
  "statusCode": 200,
  "timestamp": "2026-04-05T07:15:00.359Z"
}
