[2026-04-05T05:32:04.483Z] [AUTH] {
  "username": "system",
  "action": "login",
  "ipAddress": "127.0.0.1",
  "timestamp": "2026-04-05T05:32:04.483Z"
}
[2026-04-05T05:34:42.430Z] [AUTH] {
  "username": "system",
  "action": "login",
  "ipAddress": "127.0.0.1",
  "timestamp": "2026-04-05T05:34:42.430Z"
}
[2026-04-05T05:36:23.489Z] [AUTH] {
  "username": "system",
  "action": "login",
  "ipAddress": "127.0.0.1",
  "timestamp": "2026-04-05T05:36:23.489Z"
}
[2026-04-05T05:37:38.001Z] [AUTH] {
  "username": "system",
  "action": "login",
  "ipAddress": "127.0.0.1",
  "timestamp": "2026-04-05T05:37:38.001Z"
}
[2026-04-05T05:56:16.878Z] [AUTH] {
  "username": "system",
  "action": "login",
  "ipAddress": "127.0.0.1",
  "timestamp": "2026-04-05T05:56:16.878Z"
}
[2026-04-05T06:27:51.793Z] [AUTH] {
  "username": "system",
  "action": "login",
  "ipAddress": "127.0.0.1",
  "timestamp": "2026-04-05T06:27:51.793Z"
}
[2026-04-05T06:33:29.060Z] [AUTH] {
  "username": "system",
  "action": "login",
  "ipAddress": "127.0.0.1",
  "timestamp": "2026-04-05T06:33:29.060Z"
}
[2026-04-05T06:57:30.549Z] [AUTH] {
  "username": "system",
  "action": "login",
  "ipAddress": "127.0.0.1",
  "timestamp": "2026-04-05T06:57:30.549Z"
}
[2026-04-05T07:13:33.530Z] [AUTH] {
  "username": "system",
  "action": "login",
  "ipAddress": "127.0.0.1",
  "timestamp": "2026-04-05T07:13:33.530Z"
}
[2026-04-05T07:15:00.359Z] [AUTH] {
  "username": "system",
  "action": "login",
  "ipAddress": "127.0.0.1",
  "timestamp": "2026-04-05T07:15:00.359Z"
}
