[2026-04-06T04:02:42.992Z] [AUTH] {
  "username": "system",
  "action": "login",
  "ipAddress": "127.0.0.1",
  "timestamp": "2026-04-06T04:02:42.992Z"
}
[2026-04-06T04:04:04.806Z] [AUTH] {
  "username": "system",
  "action": "login",
  "ipAddress": "127.0.0.1",
  "timestamp": "2026-04-06T04:04:04.806Z"
}
[2026-04-06T04:04:46.440Z] [AUTH] {
  "username": "system",
  "action": "login",
  "ipAddress": "127.0.0.1",
  "timestamp": "2026-04-06T04:04:46.440Z"
}
[2026-04-06T04:22:00.069Z] [AUTH] {
  "username": "system",
  "action": "login",
  "ipAddress": "127.0.0.1",
  "timestamp": "2026-04-06T04:22:00.069Z"
}
[2026-04-06T04:28:24.960Z] [AUTH] {
  "username": "system",
  "action": "login",
  "ipAddress": "127.0.0.1",
  "timestamp": "2026-04-06T04:28:24.960Z"
}
