[2026-04-13T12:57:22.250Z] [AUTH] {
  "username": "system",
  "action": "login",
  "ipAddress": "127.0.0.1",
  "timestamp": "2026-04-13T12:57:22.250Z"
}
[2026-04-13T12:58:27.529Z] [AUTH] {
  "username": "system",
  "action": "login",
  "ipAddress": "127.0.0.1",
  "timestamp": "2026-04-13T12:58:27.529Z"
}
[2026-04-13T13:47:23.652Z] [AUTH] {
  "username": "system",
  "action": "login",
  "ipAddress": "127.0.0.1",
  "timestamp": "2026-04-13T13:47:23.652Z"
}
[2026-04-13T13:55:29.555Z] [AUTH] {
  "username": "system",
  "action": "login",
  "ipAddress": "127.0.0.1",
  "timestamp": "2026-04-13T13:55:29.555Z"
}
