[2026-04-05T05:32:04.483Z] [DATABASE] {
  "type": "migration",
  "status": "completed",
  "details": "Server startup logging test",
  "timestamp": "2026-04-05T05:32:04.483Z"
}
[2026-04-05T05:34:42.430Z] [DATABASE] {
  "type": "migration",
  "status": "completed",
  "details": "Server startup logging test",
  "timestamp": "2026-04-05T05:34:42.430Z"
}
[2026-04-05T05:36:23.488Z] [DATABASE] {
  "type": "migration",
  "status": "completed",
  "details": "Server startup logging test",
  "timestamp": "2026-04-05T05:36:23.488Z"
}
[2026-04-05T05:37:38.000Z] [DATABASE] {
  "type": "migration",
  "status": "completed",
  "details": "Server startup logging test",
  "timestamp": "2026-04-05T05:37:38.000Z"
}
[2026-04-05T05:56:16.878Z] [DATABASE] {
  "type": "migration",
  "status": "completed",
  "details": "Server startup logging test",
  "timestamp": "2026-04-05T05:56:16.878Z"
}
[2026-04-05T06:27:51.793Z] [DATABASE] {
  "type": "migration",
  "status": "completed",
  "details": "Server startup logging test",
  "timestamp": "2026-04-05T06:27:51.793Z"
}
[2026-04-05T06:33:29.060Z] [DATABASE] {
  "type": "migration",
  "status": "completed",
  "details": "Server startup logging test",
  "timestamp": "2026-04-05T06:33:29.060Z"
}
[2026-04-05T06:57:30.549Z] [DATABASE] {
  "type": "migration",
  "status": "completed",
  "details": "Server startup logging test",
  "timestamp": "2026-04-05T06:57:30.549Z"
}
[2026-04-05T07:13:33.530Z] [DATABASE] {
  "type": "migration",
  "status": "completed",
  "details": "Server startup logging test",
  "timestamp": "2026-04-05T07:13:33.530Z"
}
[2026-04-05T07:15:00.359Z] [DATABASE] {
  "type": "migration",
  "status": "completed",
  "details": "Server startup logging test",
  "timestamp": "2026-04-05T07:15:00.359Z"
}
