[2026-04-13T12:57:22.249Z] [DATABASE] {
  "type": "migration",
  "status": "completed",
  "details": "Server startup logging test",
  "timestamp": "2026-04-13T12:57:22.249Z"
}
[2026-04-13T12:58:27.529Z] [DATABASE] {
  "type": "migration",
  "status": "completed",
  "details": "Server startup logging test",
  "timestamp": "2026-04-13T12:58:27.529Z"
}
[2026-04-13T13:47:23.652Z] [DATABASE] {
  "type": "migration",
  "status": "completed",
  "details": "Server startup logging test",
  "timestamp": "2026-04-13T13:47:23.652Z"
}
[2026-04-13T13:55:29.555Z] [DATABASE] {
  "type": "migration",
  "status": "completed",
  "details": "Server startup logging test",
  "timestamp": "2026-04-13T13:55:29.554Z"
}
