[2026-04-06T04:02:42.992Z] [DATABASE] {
  "type": "migration",
  "status": "completed",
  "details": "Server startup logging test",
  "timestamp": "2026-04-06T04:02:42.992Z"
}
[2026-04-06T04:04:04.805Z] [DATABASE] {
  "type": "migration",
  "status": "completed",
  "details": "Server startup logging test",
  "timestamp": "2026-04-06T04:04:04.805Z"
}
[2026-04-06T04:04:46.440Z] [DATABASE] {
  "type": "migration",
  "status": "completed",
  "details": "Server startup logging test",
  "timestamp": "2026-04-06T04:04:46.440Z"
}
[2026-04-06T04:22:00.069Z] [DATABASE] {
  "type": "migration",
  "status": "completed",
  "details": "Server startup logging test",
  "timestamp": "2026-04-06T04:22:00.069Z"
}
[2026-04-06T04:28:24.960Z] [DATABASE] {
  "type": "migration",
  "status": "completed",
  "details": "Server startup logging test",
  "timestamp": "2026-04-06T04:28:24.960Z"
}
