[2026-04-06T04:02:42.992Z] [ALERT] {
  "level": "info",
  "message": "Server started successfully",
  "details": {
    "port": 5000
  },
  "timestamp": "2026-04-06T04:02:42.992Z"
}
[2026-04-06T04:04:04.806Z] [ALERT] {
  "level": "info",
  "message": "Server started successfully",
  "details": {
    "port": 5000
  },
  "timestamp": "2026-04-06T04:04:04.806Z"
}
[2026-04-06T04:04:46.440Z] [ALERT] {
  "level": "info",
  "message": "Server started successfully",
  "details": {
    "port": 5000
  },
  "timestamp": "2026-04-06T04:04:46.440Z"
}
[2026-04-06T04:22:00.069Z] [ALERT] {
  "level": "info",
  "message": "Server started successfully",
  "details": {
    "port": 5000
  },
  "timestamp": "2026-04-06T04:22:00.069Z"
}
[2026-04-06T04:28:24.960Z] [ALERT] {
  "level": "info",
  "message": "Server started successfully",
  "details": {
    "port": 5000
  },
  "timestamp": "2026-04-06T04:28:24.960Z"
}
