[2026-04-13T12:57:22.250Z] [ALERT] {
  "level": "info",
  "message": "Server started successfully",
  "details": {
    "port": 5000
  },
  "timestamp": "2026-04-13T12:57:22.250Z"
}
[2026-04-13T12:58:27.529Z] [ALERT] {
  "level": "info",
  "message": "Server started successfully",
  "details": {
    "port": 5000
  },
  "timestamp": "2026-04-13T12:58:27.529Z"
}
[2026-04-13T13:47:23.652Z] [ALERT] {
  "level": "info",
  "message": "Server started successfully",
  "details": {
    "port": 5000
  },
  "timestamp": "2026-04-13T13:47:23.652Z"
}
[2026-04-13T13:55:29.555Z] [ALERT] {
  "level": "info",
  "message": "Server started successfully",
  "details": {
    "port": 5000
  },
  "timestamp": "2026-04-13T13:55:29.555Z"
}
