[2026-04-13T12:57:22.249Z] [USER_ACTIVITY] {
  "action": "server_started",
  "details": "Application initialized successfully",
  "timestamp": "2026-04-13T12:57:22.249Z"
}
[2026-04-13T12:58:27.529Z] [USER_ACTIVITY] {
  "action": "server_started",
  "details": "Application initialized successfully",
  "timestamp": "2026-04-13T12:58:27.529Z"
}
[2026-04-13T13:47:23.652Z] [USER_ACTIVITY] {
  "action": "server_started",
  "details": "Application initialized successfully",
  "timestamp": "2026-04-13T13:47:23.652Z"
}
[2026-04-13T13:55:29.555Z] [USER_ACTIVITY] {
  "action": "server_started",
  "details": "Application initialized successfully",
  "timestamp": "2026-04-13T13:55:29.555Z"
}
