[2026-04-06T04:02:42.992Z] [USER_ACTIVITY] {
  "action": "server_started",
  "details": "Application initialized successfully",
  "timestamp": "2026-04-06T04:02:42.992Z"
}
[2026-04-06T04:04:04.806Z] [USER_ACTIVITY] {
  "action": "server_started",
  "details": "Application initialized successfully",
  "timestamp": "2026-04-06T04:04:04.806Z"
}
[2026-04-06T04:04:46.440Z] [USER_ACTIVITY] {
  "action": "server_started",
  "details": "Application initialized successfully",
  "timestamp": "2026-04-06T04:04:46.440Z"
}
[2026-04-06T04:22:00.069Z] [USER_ACTIVITY] {
  "action": "server_started",
  "details": "Application initialized successfully",
  "timestamp": "2026-04-06T04:22:00.069Z"
}
[2026-04-06T04:28:24.960Z] [USER_ACTIVITY] {
  "action": "server_started",
  "details": "Application initialized successfully",
  "timestamp": "2026-04-06T04:28:24.960Z"
}
